#
# A fatal error has been detected by the Java Runtime Environment:
#
#  SIGSEGV (0xb) at pc=0x6faff1d3, pid=7043, tid=3061857136
#
# JRE version: 6.0_27-b27
# Java VM: OpenJDK Server VM (20.0-b12 mixed mode linux-x86 )
# Derivative: IcedTea6 1.12.6
# Distribution: Debian GNU/Linux 7.0 (wheezy), package 6b27-1.12.6-1~deb7u1
# Problematic frame:
# C  0x6faff1d3
#
# If you would like to submit a bug report, please include
# instructions how to reproduce the bug and visit:
#   http://icedtea.classpath.org/bugzilla
# The crash happened outside the Java Virtual Machine in native code.
# See problematic frame for where to report the bug.
#

---------------  T H R E A D  ---------------

Current thread (0x08516800):  JavaThread "main" [_thread_in_native, id=7048, stack(0xb67b4000,0xb6804000)]

siginfo:si_signo=SIGSEGV: si_errno=0, si_code=2 (SEGV_ACCERR), si_addr=0x6e9ff008

Registers:
EAX=0x6e93f41c, EBX=0x6e9fefb0, ECX=0x00000058, EDX=0x00000008
ESP=0xb6802400, EBP=0xb6802588, ESI=0x00000000, EDI=0x6ec148a0
EIP=0x6faff1d3, EFLAGS=0x00010202, CR2=0x6e9ff008

Top of Stack: (sp=0xb6802400)
0xb6802400:   6f9ada38 6f954c28 6edf6798 0000000c
0xb6802410:   3f8eb852 6b779b52 3f8eb852 6b779b52
0xb6802420:   3fb80000 3fb80000 3fb80000 3fb80000
0xb6802430:   6b779b52 3f8eb852 3f8eb852 3f8eb852
0xb6802440:   00000000 00000000 00000000 00000000
0xb6802450:   00000000 00000000 00000000 00000000
0xb6802460:   40240000 40240000 40240000 40240000
0xb6802470:   00000000 00000000 00000000 00000000 

Instructions: (pc=0x6faff1d3)
0x6faff1b3:   0f 58 c8 0f 29 8c 24 50 01 00 00 8b 75 20 8b 56
0x6faff1c3:   0c 0f af ca 8b 76 10 01 f1 8b 9c 24 fc 00 00 00
0x6faff1d3:   f3 0f 10 04 0b f3 0f 11 84 24 dc 00 00 00 f3 0f
0x6faff1e3:   10 54 0b 04 f3 0f 11 94 24 d8 00 00 00 8b 9c 24 

Register to memory mapping:

EAX=0x6e93f41c is an unknown value
EBX=0x6e9fefb0 is an unknown value
ECX=0x00000058 is an unknown value
EDX=0x00000008 is an unknown value
ESP=0xb6802400 is pointing into the stack for thread: 0x08516800
EBP=0xb6802588 is pointing into the stack for thread: 0x08516800
ESI=0x00000000 is an unknown value
EDI=0x6ec148a0 is an unknown value


Stack: [0xb67b4000,0xb6804000],  sp=0xb6802400,  free space=313k
Native frames: (J=compiled Java code, j=interpreted, Vv=VM code, C=native code)
C  0x6faff1d3

Java frames: (J=compiled Java code, j=interpreted, Vv=VM code)
j  org.lwjgl.opengl.GL11.nglDrawArrays(IIIJ)V+0
j  org.lwjgl.opengl.GL11.glDrawArrays(III)V+20
j  net.foxycorndog.jfoxylib.opengl.bundle.Bundle.drawArrays(III)V+3
j  net.foxycorndog.jfoxylib.opengl.bundle.Bundle.render(IIILnet/foxycorndog/jfoxylib/opengl/texture/Texture;)V+10
j  net.foxycorndog.jfoxylib.components.Image.render()V+64
j  net.foxycorndog.jfoxylib.components.Button.render()V+45
j  net.foxycorndog.jfoxylib.components.Panel.renderComponents()V+33
j  net.foxycorndog.jfoxylib.components.Panel.render()V+141
j  net.foxycorndog.thedigginggame.launcher.menu.OptionsMenu.render()V+1
j  net.foxycorndog.thedigginggame.launcher.menu.MainMenu.render()V+20
j  net.foxycorndog.thedigginggame.launcher.Launcher.render2D()V+146
j  net.foxycorndog.jfoxylib.GameStarter.start()V+109
j  net.foxycorndog.thedigginggame.launcher.Launcher.<init>()V+41
j  net.foxycorndog.thedigginggame.launcher.Launcher.main([Ljava/lang/String;)V+4
v  ~StubRoutines::call_stub
j  sun.reflect.NativeMethodAccessorImpl.invoke0(Ljava/lang/reflect/Method;Ljava/lang/Object;[Ljava/lang/Object;)Ljava/lang/Object;+0
j  sun.reflect.NativeMethodAccessorImpl.invoke(Ljava/lang/Object;[Ljava/lang/Object;)Ljava/lang/Object;+87
j  sun.reflect.DelegatingMethodAccessorImpl.invoke(Ljava/lang/Object;[Ljava/lang/Object;)Ljava/lang/Object;+6
j  java.lang.reflect.Method.invoke(Ljava/lang/Object;[Ljava/lang/Object;)Ljava/lang/Object;+161
j  net.foxycorndog.thedigginggame.TheDiggingGame.main([Ljava/lang/String;)V+100
v  ~StubRoutines::call_stub

---------------  P R O C E S S  ---------------

Java Threads: ( => current thread )
  0x087eb000 JavaThread "Keep-Alive-Timer" daemon [_thread_blocked, id=7074, stack(0x6f84b000,0x6f89b000)]
  0x6f2d9000 JavaThread "Thread-3" [_thread_blocked, id=7071, stack(0x72cb2000,0x72d02000)]
  0x08695800 JavaThread "AWT-XAWT" daemon [_thread_in_native, id=7062, stack(0x72d5e000,0x72dae000)]
  0x73260000 JavaThread "Java2D Disposer" daemon [_thread_blocked, id=7061, stack(0x72e76000,0x72ec6000)]
  0x7386f400 JavaThread "Low Memory Detector" daemon [_thread_blocked, id=7059, stack(0x733c9000,0x73419000)]
  0x7386d400 JavaThread "C2 CompilerThread1" daemon [_thread_blocked, id=7058, stack(0x73419000,0x73499000)]
  0x7386b400 JavaThread "C2 CompilerThread0" daemon [_thread_blocked, id=7057, stack(0x73499000,0x73519000)]
  0x73869c00 JavaThread "Signal Dispatcher" daemon [_thread_blocked, id=7056, stack(0x73519000,0x73569000)]
  0x73859400 JavaThread "Finalizer" daemon [_thread_blocked, id=7055, stack(0x736e0000,0x73730000)]
  0x73857c00 JavaThread "Reference Handler" daemon [_thread_blocked, id=7054, stack(0x73730000,0x73780000)]
=>0x08516800 JavaThread "main" [_thread_in_native, id=7048, stack(0xb67b4000,0xb6804000)]

Other Threads:
  0x73854c00 VMThread [stack: 0x73780000,0x73800000] [id=7053]
  0x73871400 WatcherThread [stack: 0x73349000,0x733c9000] [id=7060]

VM state:not at safepoint (normal execution)

VM Mutex/Monitor currently owned by a thread: None

Heap
 PSYoungGen      total 16576K, used 9384K [0xa0f20000, 0xa2190000, 0xb3670000)
  eden space 14272K, 65% used [0xa0f20000,0xa184a2f0,0xa1d10000)
  from space 2304K, 0% used [0xa1f50000,0xa1f50000,0xa2190000)
  to   space 2304K, 0% used [0xa1d10000,0xa1d10000,0xa1f50000)
 PSOldGen        total 37824K, used 0K [0x7c070000, 0x7e560000, 0xa0f20000)
  object space 37824K, 0% used [0x7c070000,0x7c070000,0x7e560000)
 PSPermGen       total 16384K, used 8592K [0x74070000, 0x75070000, 0x7c070000)
  object space 16384K, 52% used [0x74070000,0x748d4018,0x75070000)

Code Cache  [0xb373a000, 0xb397a000, 0xb673a000)
 total_blobs=340 nmethods=62 adapters=232 free_code_cache=49865088 largest_free_block=6208

Dynamic libraries:
08048000-08051000 r-xp 00000000 08:01 46927732   /usr/lib/jvm/java-6-openjdk-i386/jre/bin/java
08051000-08052000 rw-p 00008000 08:01 46927732   /usr/lib/jvm/java-6-openjdk-i386/jre/bin/java
0850f000-088c1000 rw-p 00000000 00:00 0          [heap]
6dc00000-6dd25000 rw-p 00000000 00:00 0 
6dd25000-6de00000 ---p 00000000 00:00 0 
6de00000-6e800000 rwxp 00000000 00:00 0 
6e800000-6e8ff000 rw-p 00000000 00:00 0 
6e8ff000-6e900000 ---p 00000000 00:00 0 
6e900000-6e9ff000 rw-p 00000000 00:00 0 
6e9ff000-6ea00000 ---p 00000000 00:00 0 
6eaea000-6eaff000 r-xp 00000000 08:01 46927793   /usr/lib/jvm/java-6-openjdk-i386/jre/lib/i386/libnet.so
6eaff000-6eb00000 rw-p 00015000 08:01 46927793   /usr/lib/jvm/java-6-openjdk-i386/jre/lib/i386/libnet.so
6eb00000-6eb55000 rw-p 00000000 00:00 0 
6eb55000-6ec00000 ---p 00000000 00:00 0 
6ec00000-6ecec000 rw-p 00000000 00:00 0 
6ecec000-6ed00000 ---p 00000000 00:00 0 
6ed00000-6edf9000 rw-p 00000000 00:00 0 
6edf9000-6ee00000 ---p 00000000 00:00 0 
6eebf000-6eef3000 r-xp 00000000 08:01 46927800   /usr/lib/jvm/java-6-openjdk-i386/jre/lib/i386/liblcms.so
6eef3000-6eef5000 rw-p 00033000 08:01 46927800   /usr/lib/jvm/java-6-openjdk-i386/jre/lib/i386/liblcms.so
6eef5000-6f100000 rw-p 00000000 00:00 0 
6f100000-6f2f2000 rw-p 00000000 00:00 0 
6f2f2000-6f300000 ---p 00000000 00:00 0 
6f300000-6f400000 rw-p 00000000 00:00 0 
6f4f7000-6f700000 rw-p 00000000 00:00 0 
6f700000-6f800000 rw-p 00000000 00:00 0 
6f84b000-6f84e000 ---p 00000000 00:00 0 
6f84e000-6f89b000 rw-p 00000000 00:00 0 
6f89b000-6f8ac000 r-xp 00000000 08:01 7602197    /lib/i386-linux-gnu/libresolv-2.13.so
6f8ac000-6f8ad000 r--p 00010000 08:01 7602197    /lib/i386-linux-gnu/libresolv-2.13.so
6f8ad000-6f8ae000 rw-p 00011000 08:01 7602197    /lib/i386-linux-gnu/libresolv-2.13.so
6f8ae000-6f8b0000 rw-p 00000000 00:00 0 
6f8b0000-6f8b3000 ---p 00000000 00:00 0 
6f8b3000-6f900000 rw-p 00000000 00:00 0 
6f900000-6f9fc000 rw-p 00000000 00:00 0 
6f9fc000-6fa00000 ---p 00000000 00:00 0 
6fa11000-6fa14000 ---p 00000000 00:00 0 
6fa14000-6fa61000 rw-p 00000000 00:00 0 
6fa61000-6fab8000 rw-p 00000000 00:00 0 
6faba000-6fafc000 rw-p 00000000 00:00 0 
6fafc000-6fb7c000 rwxp 00000000 00:00 0 
6fb7c000-6fb7d000 ---p 00000000 00:00 0 
6fb7d000-7037c000 rw-p 00000000 00:00 0 
7037c000-7037d000 ---p 00000000 00:00 0 
7037d000-70b7c000 rw-p 00000000 00:00 0 
70b7c000-70b7d000 ---p 00000000 00:00 0 
70b7d000-7137c000 rw-p 00000000 00:00 0 
7137c000-7137d000 ---p 00000000 00:00 0 
7137d000-71b7c000 rw-p 00000000 00:00 0 
71b7c000-71ba2000 r-xp 00000000 08:01 7602653    /lib/i386-linux-gnu/libexpat.so.1.6.0
71ba2000-71ba3000 ---p 00026000 08:01 7602653    /lib/i386-linux-gnu/libexpat.so.1.6.0
71ba3000-71ba5000 r--p 00026000 08:01 7602653    /lib/i386-linux-gnu/libexpat.so.1.6.0
71ba5000-71ba6000 rw-p 00028000 08:01 7602653    /lib/i386-linux-gnu/libexpat.so.1.6.0
71bb8000-7292a000 r-xp 00000000 08:01 46796667   /usr/lib/i386-linux-gnu/dri/swrast_dri.so
7292a000-72972000 rw-p 00d71000 08:01 46796667   /usr/lib/i386-linux-gnu/dri/swrast_dri.so
72972000-72c58000 rw-p 00000000 00:00 0 
72c58000-72cac000 r-xp 00000000 08:01 46012756   /usr/lib/i386-linux-gnu/libGL.so.1.2
72cac000-72cb2000 rwxp 00053000 08:01 46012756   /usr/lib/i386-linux-gnu/libGL.so.1.2
72cb2000-72cb5000 ---p 00000000 00:00 0 
72cb5000-72d02000 rw-p 00000000 00:00 0 
72d02000-72d5c000 r-xp 00000000 08:01 13109549   /home/bradensteffaniak/GitHub/Workspace/JFoxyLib/native/linux/liblwjgl.so
72d5c000-72d5d000 r--p 0005a000 08:01 13109549   /home/bradensteffaniak/GitHub/Workspace/JFoxyLib/native/linux/liblwjgl.so
72d5d000-72d5e000 rw-p 0005b000 08:01 13109549   /home/bradensteffaniak/GitHub/Workspace/JFoxyLib/native/linux/liblwjgl.so
72d5e000-72d61000 ---p 00000000 00:00 0 
72d61000-72dae000 rw-p 00000000 00:00 0 
72dae000-72daf000 r--s 00000000 08:01 32248610   /var/cache/fontconfig/c05880de57d1f5e948fdfacc138775d9-le32d4.cache-3
72daf000-72db5000 r--s 00000000 08:01 32248609   /var/cache/fontconfig/945677eb7aeaf62f1d50efc3fb3ec7d8-le32d4.cache-3
72db5000-72db9000 r--s 00000000 08:01 32248607   /var/cache/fontconfig/6eb3985aa4124903f6ff08ba781cd364-le32d4.cache-3
72db9000-72dc0000 r--s 00000000 08:01 32248606   /var/cache/fontconfig/6d41288fd70b0be22e8c3a91e032eec0-le32d4.cache-3
72dc0000-72dc1000 r--s 00000000 08:01 32248605   /var/cache/fontconfig/4794a0821666d79190d59a36cb4f44b5-le32d4.cache-3
72dc1000-72dc3000 r--s 00000000 08:01 32248604   /var/cache/fontconfig/c57959a16110560c8d0fcea73374aeeb-le32d4.cache-3
72dc3000-72dc7000 r--s 00000000 08:01 32248603   /var/cache/fontconfig/3047814df9a2f067bd2d96a2b9c36e5a-le32d4.cache-3
72dc7000-72dc9000 r--s 00000000 08:01 32248602   /var/cache/fontconfig/e49e89034d371f0f9de17aab02136486-le32d4.cache-3
72dc9000-72dca000 r--s 00000000 08:01 32248601   /var/cache/fontconfig/4b14b093aebc79c320de5e86ae1d3314-le32d4.cache-3
72dca000-72dd0000 r--s 00000000 08:01 32248600   /var/cache/fontconfig/3f7329c5293ffd510edef78f73874cfd-le32d4.cache-3
72dd0000-72dd7000 r--s 00000000 08:01 32248598   /var/cache/fontconfig/83bf95040141907cd45bb53cf7c1c148-le32d4.cache-3
72dd7000-72dd8000 r--s 00000000 08:01 32248597   /var/cache/fontconfig/62f91419b9ebdb6975e7e41ab6412357-le32d4.cache-3
72dd8000-72dda000 r--s 00000000 08:01 32248585   /var/cache/fontconfig/e13b20fdb08344e0e664864cc2ede53d-le32d4.cache-3
72ddb000-72ddf000 r-xp 00000000 08:01 7602200    /lib/i386-linux-gnu/libnss_dns-2.13.so
72ddf000-72de0000 r--p 00004000 08:01 7602200    /lib/i386-linux-gnu/libnss_dns-2.13.so
72de0000-72de1000 rw-p 00005000 08:01 7602200    /lib/i386-linux-gnu/libnss_dns-2.13.so
72de1000-72dea000 r-xp 00000000 08:01 46927770   /usr/lib/jvm/java-6-openjdk-i386/jre/lib/i386/libjpeg.so
72dea000-72deb000 rw-p 00009000 08:01 46927770   /usr/lib/jvm/java-6-openjdk-i386/jre/lib/i386/libjpeg.so
72deb000-72e02000 r-xp 00000000 08:01 46012748   /usr/lib/i386-linux-gnu/libxcb-glx.so.0.0.0
72e02000-72e03000 r--p 00017000 08:01 46012748   /usr/lib/i386-linux-gnu/libxcb-glx.so.0.0.0
72e03000-72e04000 rw-p 00018000 08:01 46012748   /usr/lib/i386-linux-gnu/libxcb-glx.so.0.0.0
72e04000-72e05000 r--s 00000000 08:01 32248610   /var/cache/fontconfig/c05880de57d1f5e948fdfacc138775d9-le32d4.cache-3
72e05000-72e0b000 r--s 00000000 08:01 32248609   /var/cache/fontconfig/945677eb7aeaf62f1d50efc3fb3ec7d8-le32d4.cache-3
72e0b000-72e0f000 r--s 00000000 08:01 32248607   /var/cache/fontconfig/6eb3985aa4124903f6ff08ba781cd364-le32d4.cache-3
72e0f000-72e16000 r--s 00000000 08:01 32248606   /var/cache/fontconfig/6d41288fd70b0be22e8c3a91e032eec0-le32d4.cache-3
72e18000-72e1a000 r-xp 00000000 08:01 7602861    /lib/libnss_mdns4_minimal.so.2
72e1a000-72e1b000 rw-p 00001000 08:01 7602861    /lib/libnss_mdns4_minimal.so.2
72e1b000-72e27000 r-xp 00000000 08:01 46012734   /usr/lib/i386-linux-gnu/libdrm.so.2.4.0
72e27000-72e28000 r--p 0000b000 08:01 46012734   /usr/lib/i386-linux-gnu/libdrm.so.2.4.0
72e28000-72e29000 rw-p 0000c000 08:01 46012734   /usr/lib/i386-linux-gnu/libdrm.so.2.4.0
72e29000-72e2b000 r-xp 00000000 08:01 46012726   /usr/lib/i386-linux-gnu/libXdamage.so.1.1.0
72e2b000-72e2c000 rw-p 00001000 08:01 46012726   /usr/lib/i386-linux-gnu/libXdamage.so.1.1.0
72e2c000-72e3b000 r-xp 00000000 08:01 46012738   /usr/lib/i386-linux-gnu/libglapi.so.0.0.0
72e3b000-72e42000 rwxp 0000e000 08:01 46012738   /usr/lib/i386-linux-gnu/libglapi.so.0.0.0
72e44000-72e4c000 r-xp 00000000 08:01 46009601   /usr/lib/i386-linux-gnu/libffi.so.5.0.10
72e4c000-72e4d000 rw-p 00008000 08:01 46009601   /usr/lib/i386-linux-gnu/libffi.so.5.0.10
72e4d000-72e54000 r--s 00000000 08:01 46006332   /usr/lib/i386-linux-gnu/gconv/gconv-modules.cache
72e54000-72e58000 r-xp 00000000 08:01 46012722   /usr/lib/i386-linux-gnu/libXfixes.so.3.1.0
72e58000-72e59000 r--p 00003000 08:01 46012722   /usr/lib/i386-linux-gnu/libXfixes.so.3.1.0
72e59000-72e5a000 rw-p 00004000 08:01 46012722   /usr/lib/i386-linux-gnu/libXfixes.so.3.1.0
72e5a000-72e63000 r-xp 00000000 08:01 46013682   /usr/lib/i386-linux-gnu/libXcursor.so.1.0.2
72e63000-72e64000 rw-p 00009000 08:01 46013682   /usr/lib/i386-linux-gnu/libXcursor.so.1.0.2
72e64000-72e65000 r-xp 00000000 08:01 46012744   /usr/lib/i386-linux-gnu/libX11-xcb.so.1.0.0
72e65000-72e66000 rw-p 00000000 08:01 46012744   /usr/lib/i386-linux-gnu/libX11-xcb.so.1.0.0
72e66000-72e6a000 r-xp 00000000 08:01 46012752   /usr/lib/i386-linux-gnu/libXxf86vm.so.1.0.0
72e6a000-72e6b000 r--p 00004000 08:01 46012752   /usr/lib/i386-linux-gnu/libXxf86vm.so.1.0.0
72e6b000-72e6c000 rw-p 00005000 08:01 46012752   /usr/lib/i386-linux-gnu/libXxf86vm.so.1.0.0
72e6c000-72e73000 r-xp 00000000 08:01 46013694   /usr/lib/i386-linux-gnu/libXrandr.so.2.2.0
72e73000-72e74000 rw-p 00006000 08:01 46013694   /usr/lib/i386-linux-gnu/libXrandr.so.2.2.0
72e74000-72e75000 r-xp 00000000 08:01 46927760   /usr/lib/jvm/java-6-openjdk-i386/jre/lib/i386/libjawt.so
72e75000-72e76000 rw-p 00000000 08:01 46927760   /usr/lib/jvm/java-6-openjdk-i386/jre/lib/i386/libjawt.so
72e76000-72e79000 ---p 00000000 00:00 0 
72e79000-72ec6000 rw-p 00000000 00:00 0 
72ec6000-72f5d000 r-xp 00000000 08:01 46009799   /usr/lib/i386-linux-gnu/libfreetype.so.6.8.1
72f5d000-72f61000 r--p 00096000 08:01 46009799   /usr/lib/i386-linux-gnu/libfreetype.so.6.8.1
72f61000-72f62000 rw-p 0009a000 08:01 46009799   /usr/lib/i386-linux-gnu/libfreetype.so.6.8.1
72f62000-72fa9000 r-xp 00000000 08:01 46927778   /usr/lib/jvm/java-6-openjdk-i386/jre/lib/i386/libfontmanager.so
72fa9000-72fab000 rw-p 00047000 08:01 46927778   /usr/lib/jvm/java-6-openjdk-i386/jre/lib/i386/libfontmanager.so
72fab000-72fb0000 r-xp 00000000 08:01 46009820   /usr/lib/i386-linux-gnu/libXdmcp.so.6.0.0
72fb0000-72fb1000 rw-p 00004000 08:01 46009820   /usr/lib/i386-linux-gnu/libXdmcp.so.6.0.0
72fb1000-730e5000 r-xp 00000000 08:01 46009826   /usr/lib/i386-linux-gnu/libX11.so.6.3.0
730e5000-730e9000 rw-p 00133000 08:01 46009826   /usr/lib/i386-linux-gnu/libX11.so.6.3.0
730e9000-73136000 r-xp 00000000 08:01 47185940   /usr/lib/jvm/java-6-openjdk-i386/jre/lib/i386/xawt/libmawt.so
73136000-73138000 rw-p 0004d000 08:01 47185940   /usr/lib/jvm/java-6-openjdk-i386/jre/lib/i386/xawt/libmawt.so
73138000-73139000 rw-p 00000000 00:00 0 
73139000-731d5000 r-xp 00000000 08:01 46927785   /usr/lib/jvm/java-6-openjdk-i386/jre/lib/i386/libawt.so
731d5000-731dc000 rw-p 0009c000 08:01 46927785   /usr/lib/jvm/java-6-openjdk-i386/jre/lib/i386/libawt.so
731dc000-73200000 rw-p 00000000 00:00 0 
73200000-732f6000 rw-p 00000000 00:00 0 
732f6000-73300000 ---p 00000000 00:00 0 
73300000-73304000 r--s 00000000 08:01 32248603   /var/cache/fontconfig/3047814df9a2f067bd2d96a2b9c36e5a-le32d4.cache-3
73304000-73306000 r-xp 00000000 08:01 46009818   /usr/lib/i386-linux-gnu/libXau.so.6.0.0
73306000-73307000 rw-p 00001000 08:01 46009818   /usr/lib/i386-linux-gnu/libXau.so.6.0.0
73307000-73328000 r-xp 00000000 08:01 46009822   /usr/lib/i386-linux-gnu/libxcb.so.1.1.0
73328000-73329000 r--p 00020000 08:01 46009822   /usr/lib/i386-linux-gnu/libxcb.so.1.1.0
73329000-7332a000 rw-p 00021000 08:01 46009822   /usr/lib/i386-linux-gnu/libxcb.so.1.1.0
7332a000-73338000 r-xp 00000000 08:01 46013686   /usr/lib/i386-linux-gnu/libXi.so.6.1.0
73338000-73339000 rw-p 0000e000 08:01 46013686   /usr/lib/i386-linux-gnu/libXi.so.6.1.0
73339000-7333e000 r-xp 00000000 08:01 46016435   /usr/lib/i386-linux-gnu/libXtst.so.6.1.0
7333e000-7333f000 rw-p 00004000 08:01 46016435   /usr/lib/i386-linux-gnu/libXtst.so.6.1.0
7333f000-73348000 r-xp 00000000 08:01 46011615   /usr/lib/i386-linux-gnu/libXrender.so.1.3.0
73348000-73349000 rw-p 00008000 08:01 46011615   /usr/lib/i386-linux-gnu/libXrender.so.1.3.0
73349000-7334a000 ---p 00000000 00:00 0 
7334a000-733c9000 rw-p 00000000 00:00 0 
733c9000-733cc000 ---p 00000000 00:00 0 
733cc000-73419000 rw-p 00000000 00:00 0 
73419000-7341c000 ---p 00000000 00:00 0 
7341c000-73499000 rw-p 00000000 00:00 0 
73499000-7349c000 ---p 00000000 00:00 0 
7349c000-73519000 rw-p 00000000 00:00 0 
73519000-7351c000 ---p 00000000 00:00 0 
7351c000-73569000 rw-p 00000000 00:00 0 
73569000-736e0000 r--p 00000000 08:01 46012721   /usr/lib/locale/locale-archive
736e0000-736e3000 ---p 00000000 00:00 0 
736e3000-73730000 rw-p 00000000 00:00 0 
73730000-73733000 ---p 00000000 00:00 0 
73733000-73780000 rw-p 00000000 00:00 0 
73780000-73781000 ---p 00000000 00:00 0 
73781000-73800000 rw-p 00000000 00:00 0 
73800000-738fd000 rw-p 00000000 00:00 0 
738fd000-73900000 ---p 00000000 00:00 0 
73900000-73901000 rwxp 00000000 00:00 0 
73901000-73902000 r--s 00000000 08:01 32248605   /var/cache/fontconfig/4794a0821666d79190d59a36cb4f44b5-le32d4.cache-3
73902000-73913000 r-xp 00000000 08:01 46012730   /usr/lib/i386-linux-gnu/libXext.so.6.4.0
73913000-73914000 rw-p 00010000 08:01 46012730   /usr/lib/i386-linux-gnu/libXext.so.6.4.0
73914000-73916000 r--s 00000000 08:01 32248604   /var/cache/fontconfig/c57959a16110560c8d0fcea73374aeeb-le32d4.cache-3
73916000-73918000 r--s 00000000 08:01 32248602   /var/cache/fontconfig/e49e89034d371f0f9de17aab02136486-le32d4.cache-3
73918000-73919000 r--s 00000000 08:01 32248601   /var/cache/fontconfig/4b14b093aebc79c320de5e86ae1d3314-le32d4.cache-3
73919000-7391f000 r--s 00000000 08:01 32248600   /var/cache/fontconfig/3f7329c5293ffd510edef78f73874cfd-le32d4.cache-3
7391f000-73926000 r--s 00000000 08:01 32248598   /var/cache/fontconfig/83bf95040141907cd45bb53cf7c1c148-le32d4.cache-3
73926000-73929000 r--s 0007f000 08:01 46927010   /usr/lib/jvm/java-6-openjdk-common/jre/lib/jsse.jar
73929000-73930000 r--s 000fc000 08:01 46927018   /usr/lib/jvm/java-6-openjdk-common/jre/lib/resources.jar
73930000-7393d000 r--s 000e6000 08:01 13241124   /home/bradensteffaniak/GitHub/Workspace/LWJGL/LWJGL/lwjgl-2.9.0/jar/lwjgl.jar
7393d000-73941000 r--s 00027000 08:01 13241126   /home/bradensteffaniak/GitHub/Workspace/LWJGL/LWJGL/lwjgl-2.9.0/jar/lwjgl_util.jar
73941000-73945000 r--s 00039000 08:01 46927002   /usr/lib/jvm/java-6-openjdk-common/jre/lib/ext/sunpkcs11.jar
73945000-73978000 rw-p 00000000 00:00 0 
73978000-73b0c000 r--s 03807000 08:01 46927809   /usr/lib/jvm/java-6-openjdk-i386/jre/lib/rt.jar
73b0c000-73b0d000 ---p 00000000 00:00 0 
73b0d000-73b8c000 rw-p 00000000 00:00 0 
73b8c000-73b8d000 ---p 00000000 00:00 0 
73b8d000-73c0c000 rw-p 00000000 00:00 0 
73c0c000-73c0d000 ---p 00000000 00:00 0 
73c0d000-73c8c000 rw-p 00000000 00:00 0 
73c8c000-73c8d000 ---p 00000000 00:00 0 
73c8d000-73d14000 rw-p 00000000 00:00 0 
73d14000-73d4c000 rw-p 00000000 00:00 0 
73d4c000-73d5f000 rw-p 00000000 00:00 0 
73d5f000-73e74000 rw-p 00000000 00:00 0 
73e74000-73e7c000 rw-p 00000000 00:00 0 
73e7c000-73eb4000 rw-p 00000000 00:00 0 
73eb4000-73ec7000 rw-p 00000000 00:00 0 
73ec7000-73fdb000 rw-p 00000000 00:00 0 
73fdb000-73fe5000 rw-p 00000000 00:00 0 
73fe5000-7406f000 rw-p 00000000 00:00 0 
7406f000-75070000 rw-p 00000000 00:00 0 
75070000-7c070000 rw-p 00000000 00:00 0 
7c070000-7e560000 rw-p 00000000 00:00 0 
7e560000-a0f20000 rw-p 00000000 00:00 0 
a0f20000-a2190000 rw-p 00000000 00:00 0 
a2190000-b3670000 rw-p 00000000 00:00 0 
b3670000-b3672000 r--s 00000000 08:01 32248585   /var/cache/fontconfig/e13b20fdb08344e0e664864cc2ede53d-le32d4.cache-3
b3672000-b3675000 r--s 00031000 08:01 46927005   /usr/lib/jvm/java-6-openjdk-common/jre/lib/ext/sunjce_provider.jar
b3675000-b3677000 r--s 00001000 08:01 46927006   /usr/lib/jvm/java-6-openjdk-common/jre/lib/ext/dnsns.jar
b3677000-b367a000 r--s 00077000 08:01 46927004   /usr/lib/jvm/java-6-openjdk-common/jre/lib/ext/localedata.jar
b367a000-b3683000 rw-p 00000000 00:00 0 
b3683000-b373a000 rw-p 00000000 00:00 0 
b373a000-b397a000 rwxp 00000000 00:00 0 
b397a000-b673a000 rw-p 00000000 00:00 0 
b673a000-b6744000 r-xp 00000000 08:01 7602189    /lib/i386-linux-gnu/libnss_files-2.13.so
b6744000-b6745000 r--p 00009000 08:01 7602189    /lib/i386-linux-gnu/libnss_files-2.13.so
b6745000-b6746000 rw-p 0000a000 08:01 7602189    /lib/i386-linux-gnu/libnss_files-2.13.so
b6746000-b674f000 r-xp 00000000 08:01 7602201    /lib/i386-linux-gnu/libnss_nis-2.13.so
b674f000-b6750000 r--p 00008000 08:01 7602201    /lib/i386-linux-gnu/libnss_nis-2.13.so
b6750000-b6751000 rw-p 00009000 08:01 7602201    /lib/i386-linux-gnu/libnss_nis-2.13.so
b6751000-b6757000 r-xp 00000000 08:01 7602191    /lib/i386-linux-gnu/libnss_compat-2.13.so
b6757000-b6758000 r--p 00005000 08:01 7602191    /lib/i386-linux-gnu/libnss_compat-2.13.so
b6758000-b6759000 rw-p 00006000 08:01 7602191    /lib/i386-linux-gnu/libnss_compat-2.13.so
b6759000-b676c000 r-xp 00000000 08:01 7602199    /lib/i386-linux-gnu/libnsl-2.13.so
b676c000-b676d000 r--p 00012000 08:01 7602199    /lib/i386-linux-gnu/libnsl-2.13.so
b676d000-b676e000 rw-p 00013000 08:01 7602199    /lib/i386-linux-gnu/libnsl-2.13.so
b676e000-b6770000 rw-p 00000000 00:00 0 
b6770000-b6771000 r--s 00000000 08:01 32248597   /var/cache/fontconfig/62f91419b9ebdb6975e7e41ab6412357-le32d4.cache-3
b6771000-b6772000 r--s 00007000 08:01 46793787   /usr/share/java/java-atk-wrapper.jar
b6772000-b6779000 r-xp 00000000 08:01 46927797   /usr/lib/jvm/java-6-openjdk-i386/jre/lib/i386/libzip.so
b6779000-b677a000 rw-p 00007000 08:01 46927797   /usr/lib/jvm/java-6-openjdk-i386/jre/lib/i386/libzip.so
b677a000-b6782000 rw-s 00000000 08:01 46796713   /tmp/hsperfdata_root/7043
b6782000-b67a9000 r-xp 00000000 08:01 46927798   /usr/lib/jvm/java-6-openjdk-i386/jre/lib/i386/libjava.so
b67a9000-b67ab000 rw-p 00027000 08:01 46927798   /usr/lib/jvm/java-6-openjdk-i386/jre/lib/i386/libjava.so
b67ab000-b67b2000 r-xp 00000000 08:01 7602190    /lib/i386-linux-gnu/librt-2.13.so
b67b2000-b67b3000 r--p 00006000 08:01 7602190    /lib/i386-linux-gnu/librt-2.13.so
b67b3000-b67b4000 rw-p 00007000 08:01 7602190    /lib/i386-linux-gnu/librt-2.13.so
b67b4000-b67b7000 ---p 00000000 00:00 0 
b67b7000-b6804000 rw-p 00000000 00:00 0 
b6804000-b6820000 r-xp 00000000 08:01 7602180    /lib/i386-linux-gnu/libgcc_s.so.1
b6820000-b6821000 rw-p 0001b000 08:01 7602180    /lib/i386-linux-gnu/libgcc_s.so.1
b6821000-b6845000 r-xp 00000000 08:01 7602192    /lib/i386-linux-gnu/libm-2.13.so
b6845000-b6846000 r--p 00023000 08:01 7602192    /lib/i386-linux-gnu/libm-2.13.so
b6846000-b6847000 rw-p 00024000 08:01 7602192    /lib/i386-linux-gnu/libm-2.13.so
b6847000-b6927000 r-xp 00000000 08:01 46010142   /usr/lib/i386-linux-gnu/libstdc++.so.6.0.17
b6927000-b692b000 r--p 000e0000 08:01 46010142   /usr/lib/i386-linux-gnu/libstdc++.so.6.0.17
b692b000-b692c000 rw-p 000e4000 08:01 46010142   /usr/lib/i386-linux-gnu/libstdc++.so.6.0.17
b692c000-b6933000 rw-p 00000000 00:00 0 
b6933000-b7150000 r-xp 00000000 08:01 46927783   /usr/lib/jvm/java-6-openjdk-i386/jre/lib/i386/server/libjvm.so
b7150000-b71a4000 rw-p 0081d000 08:01 46927783   /usr/lib/jvm/java-6-openjdk-i386/jre/lib/i386/server/libjvm.so
b71a4000-b75c0000 rw-p 00000000 00:00 0 
b75c0000-b7707000 r-xp 00000000 08:01 7602195    /lib/i386-linux-gnu/libc-2.13.so
b7707000-b7708000 ---p 00147000 08:01 7602195    /lib/i386-linux-gnu/libc-2.13.so
b7708000-b770a000 r--p 00147000 08:01 7602195    /lib/i386-linux-gnu/libc-2.13.so
b770a000-b770b000 rw-p 00149000 08:01 7602195    /lib/i386-linux-gnu/libc-2.13.so
b770b000-b770e000 rw-p 00000000 00:00 0 
b770e000-b7710000 r-xp 00000000 08:01 7602188    /lib/i386-linux-gnu/libdl-2.13.so
b7710000-b7711000 r--p 00001000 08:01 7602188    /lib/i386-linux-gnu/libdl-2.13.so
b7711000-b7712000 rw-p 00002000 08:01 7602188    /lib/i386-linux-gnu/libdl-2.13.so
b7712000-b7716000 r-xp 00000000 08:01 46927776   /usr/lib/jvm/java-6-openjdk-i386/jre/lib/i386/jli/libjli.so
b7716000-b7717000 rw-p 00003000 08:01 46927776   /usr/lib/jvm/java-6-openjdk-i386/jre/lib/i386/jli/libjli.so
b7717000-b772c000 r-xp 00000000 08:01 7602185    /lib/i386-linux-gnu/libpthread-2.13.so
b772c000-b772d000 r--p 00014000 08:01 7602185    /lib/i386-linux-gnu/libpthread-2.13.so
b772d000-b772e000 rw-p 00015000 08:01 7602185    /lib/i386-linux-gnu/libpthread-2.13.so
b772e000-b7731000 rw-p 00000000 00:00 0 
b7731000-b7748000 r-xp 00000000 08:01 7602267    /lib/i386-linux-gnu/libz.so.1.2.7
b7748000-b7749000 r--p 00016000 08:01 7602267    /lib/i386-linux-gnu/libz.so.1.2.7
b7749000-b774a000 rw-p 00017000 08:01 7602267    /lib/i386-linux-gnu/libz.so.1.2.7
b774a000-b774c000 r--s 0000f000 08:01 46927003   /usr/lib/jvm/java-6-openjdk-common/jre/lib/ext/pulse-java.jar
b774c000-b774d000 rw-p 00000000 00:00 0 
b774d000-b774e000 r--p 00000000 00:00 0 
b774e000-b775b000 r-xp 00000000 08:01 46927794   /usr/lib/jvm/java-6-openjdk-i386/jre/lib/i386/libverify.so
b775b000-b775c000 rw-p 0000c000 08:01 46927794   /usr/lib/jvm/java-6-openjdk-i386/jre/lib/i386/libverify.so
b775c000-b775e000 rw-p 00000000 00:00 0 
b775e000-b775f000 r-xp 00000000 00:00 0          [vdso]
b775f000-b777b000 r-xp 00000000 08:01 7602198    /lib/i386-linux-gnu/ld-2.13.so
b777b000-b777c000 r--p 0001b000 08:01 7602198    /lib/i386-linux-gnu/ld-2.13.so
b777c000-b777d000 rw-p 0001c000 08:01 7602198    /lib/i386-linux-gnu/ld-2.13.so
bfabb000-bfadc000 rw-p 00000000 00:00 0          [stack]

VM Arguments:
jvm_args: -Dfile.encoding=UTF-8 
java_command: net.foxycorndog.thedigginggame.TheDiggingGame
Launcher Type: SUN_STANDARD

Environment Variables:
PATH=/usr/local/sbin:/usr/local/bin:/usr/sbin:/usr/bin:/sbin:/bin
USERNAME=bradensteffaniak
LD_LIBRARY_PATH=/usr/lib/jvm/java-6-openjdk-i386/jre/lib/i386/server:/usr/lib/jvm/java-6-openjdk-i386/jre/lib/i386:/usr/lib/jvm/java-6-openjdk-i386/jre/../lib/i386:/usr/lib/jvm/java-6-openjdk-i386/jre/lib/i386/client:/usr/lib/jvm/java-6-openjdk-i386/jre/lib/i386:
SHELL=/bin/bash
DISPLAY=:0.0

Signal Handlers:
SIGSEGV: [libjvm.so+0x67b270], sa_mask[0]=0x7ffbfeff, sa_flags=0x10000004
SIGBUS: [libjvm.so+0x67b270], sa_mask[0]=0x7ffbfeff, sa_flags=0x10000004
SIGFPE: [libjvm.so+0x5413f0], sa_mask[0]=0x7ffbfeff, sa_flags=0x10000004
SIGPIPE: [libjvm.so+0x5413f0], sa_mask[0]=0x7ffbfeff, sa_flags=0x10000004
SIGXFSZ: [libjvm.so+0x5413f0], sa_mask[0]=0x7ffbfeff, sa_flags=0x10000004
SIGILL: [libjvm.so+0x5413f0], sa_mask[0]=0x7ffbfeff, sa_flags=0x10000004
SIGUSR1: SIG_DFL, sa_mask[0]=0x00000000, sa_flags=0x00000000
SIGUSR2: [libjvm.so+0x541290], sa_mask[0]=0x00000004, sa_flags=0x10000004
SIGHUP: [libjvm.so+0x543d80], sa_mask[0]=0x7ffbfeff, sa_flags=0x10000004
SIGINT: [libjvm.so+0x543d80], sa_mask[0]=0x7ffbfeff, sa_flags=0x10000004
SIGTERM: [libjvm.so+0x543d80], sa_mask[0]=0x7ffbfeff, sa_flags=0x10000004
SIGQUIT: [libjvm.so+0x543d80], sa_mask[0]=0x7ffbfeff, sa_flags=0x10000004


---------------  S Y S T E M  ---------------

OS:7.1

uname:Linux 3.2.0-4-686-pae #1 SMP Debian 3.2.46-1+deb7u1 i686
libc:glibc 2.13 NPTL 2.13 
rlimit: STACK 8192k, CORE 0k, NPROC 28251, NOFILE 4096, AS infinity
load average:1.55 0.52 0.37

/proc/meminfo:
MemTotal:        3626508 kB
MemFree:         1585528 kB
Buffers:           61376 kB
Cached:          1475044 kB
SwapCached:            0 kB
Active:           927732 kB
Inactive:        1013408 kB
Active(anon):     405184 kB
Inactive(anon):     2024 kB
Active(file):     522548 kB
Inactive(file):  1011384 kB
Unevictable:          32 kB
Mlocked:              32 kB
HighTotal:       2756552 kB
HighFree:         864064 kB
LowTotal:         869956 kB
LowFree:          721464 kB
SwapTotal:       7332860 kB
SwapFree:        7332860 kB
Dirty:               412 kB
Writeback:             0 kB
AnonPages:        404688 kB
Mapped:            97696 kB
Shmem:              2492 kB
Slab:              77212 kB
SReclaimable:      59904 kB
SUnreclaim:        17308 kB
KernelStack:        3024 kB
PageTables:         6288 kB
NFS_Unstable:          0 kB
Bounce:                0 kB
WritebackTmp:          0 kB
CommitLimit:     9146112 kB
Committed_AS:    1616592 kB
VmallocTotal:     122880 kB
VmallocUsed:        6840 kB
VmallocChunk:     115032 kB
HardwareCorrupted:     0 kB
AnonHugePages:         0 kB
HugePages_Total:       0
HugePages_Free:        0
HugePages_Rsvd:        0
HugePages_Surp:        0
Hugepagesize:       2048 kB
DirectMap4k:        8184 kB
DirectMap2M:      903168 kB


CPU:total 4 (4 cores per cpu, 1 threads per core) family 16 model 5 stepping 3, cmov, cx8, fxsr, mmx, sse, sse2, sse3, popcnt, mmxext, 3dnowpref, lzcnt, sse4a

Memory: 4k page, physical 3626508k(1585528k free), swap 7332860k(7332860k free)

vm_info: OpenJDK Server VM (20.0-b12) for linux-x86 JRE (1.6.0_27-b27), built on Jul 16 2013 09:40:52 by "buildd" with gcc 4.7.2

time: Thu Sep 19 22:27:55 2013
elapsed time: 2 seconds

